Build started 4/12/2015 8:54:34 PM.
     1>Project "C:\Users\jhoole15\Desktop\scheduler\scheduleSim\scheduleSim\scheduleSim.vcxproj" on node 2 (Build target(s)).
     1>ClCompile:
         C:\Program Files (x86)\Microsoft Visual Studio 12.0\VC\bin\CL.exe /c /ZI /nologo /W3 /WX- /Od /Oy- /D WIN32 /D _DEBUG /D _CONSOLE /D _LIB /D _UNICODE /D UNICODE /Gm /EHsc /RTC1 /MDd /GS /fp:precise /Zc:wchar_t /Zc:forScope /Fo"Debug\\" /Fd"Debug\vc120.pdb" /Gd /TP /analyze- /errorReport:prompt Event.cpp Hardware.cpp Scheduler.cpp load_processes.cpp main.cpp
         Event.cpp
     1>c:\users\jhoole15\desktop\scheduler\schedulesim\schedulesim\event.cpp(49): warning C4018: '<' : signed/unsigned mismatch
     1>c:\users\jhoole15\desktop\scheduler\schedulesim\schedulesim\event.cpp(93): warning C4018: '<' : signed/unsigned mismatch
     1>c:\users\jhoole15\desktop\scheduler\schedulesim\schedulesim\event.cpp(176): warning C4018: '<' : signed/unsigned mismatch
         Generating Code...
         Compiling...
         main.cpp
         load_processes.cpp
         Scheduler.cpp
     1>c:\users\jhoole15\desktop\scheduler\schedulesim\schedulesim\scheduler.cpp(24): warning C4018: '>' : signed/unsigned mismatch
         Hardware.cpp
     1>c:\users\jhoole15\desktop\scheduler\schedulesim\schedulesim\hardware.cpp(4): warning C4018: '<' : signed/unsigned mismatch
     1>c:\users\jhoole15\desktop\scheduler\schedulesim\schedulesim\hardware.cpp(28): warning C4018: '<' : signed/unsigned mismatch
         Generating Code...
       Link:
         C:\Program Files (x86)\Microsoft Visual Studio 12.0\VC\bin\link.exe /ERRORREPORT:PROMPT /OUT:"C:\Users\jhoole15\Desktop\scheduler\scheduleSim\Debug\scheduleSim.exe" /INCREMENTAL /NOLOGO kernel32.lib user32.lib gdi32.lib winspool.lib comdlg32.lib advapi32.lib shell32.lib ole32.lib oleaut32.lib uuid.lib odbc32.lib odbccp32.lib /MANIFEST /MANIFESTUAC:"level='asInvoker' uiAccess='false'" /manifest:embed /DEBUG /PDB:"C:\Users\jhoole15\Desktop\scheduler\scheduleSim\Debug\scheduleSim.pdb" /SUBSYSTEM:CONSOLE /TLBID:1 /DYNAMICBASE /NXCOMPAT /IMPLIB:"C:\Users\jhoole15\Desktop\scheduler\scheduleSim\Debug\scheduleSim.lib" /MACHINE:X86 Debug\Event.obj
         Debug\Hardware.obj
         Debug\main.obj
         Debug\load_processes.obj
         Debug\Schedule.obj
         Debug\Scheduler.obj
         scheduleSim.vcxproj -> C:\Users\jhoole15\Desktop\scheduler\scheduleSim\Debug\scheduleSim.exe
     1>Done Building Project "C:\Users\jhoole15\Desktop\scheduler\scheduleSim\scheduleSim\scheduleSim.vcxproj" (Build target(s)).

Build succeeded.

Time Elapsed 00:00:02.49
